\BOOKMARK [0][]{titulo.0}{Face Page}{}% 1
\BOOKMARK [0][]{cip.0}{Cataloging-in-Publication}{}% 2
\BOOKMARK [0][]{aprovacao.0}{Thesis Committee Composition:}{}% 3
\BOOKMARK [0][]{dedication.0}{Dedication}{}% 4
\BOOKMARK [0][]{acknowledgment.0}{Acknowledgments}{}% 5
\BOOKMARK [0][]{epigrafe.0}{Epigraph}{}% 6
\BOOKMARK [0][]{resumo.0}{Resumo}{}% 7
\BOOKMARK [0][]{abstract.0}{Abstract}{}% 8
\BOOKMARK [0][]{listafiguras.0}{List of Figures}{}% 9
\BOOKMARK [0][]{listatabelas.0}{List of Tables}{}% 10
\BOOKMARK [0][]{listaabreviaturas.0}{List of Abbreviations and Acronyms}{}% 11
\BOOKMARK [0][]{listasimbolos.0}{List of Symbols}{}% 12
\BOOKMARK [0][]{contents.0}{Contents}{}% 13
\BOOKMARK [0][]{chapter.1}{1 Introduction}{}% 14
\BOOKMARK [1][]{section.1.1}{1.1 Motivation}{chapter.1}% 15
\BOOKMARK [1][]{section.1.2}{1.2 Bibliographic Review}{chapter.1}% 16
\BOOKMARK [1][]{section.1.3}{1.3 Objective}{chapter.1}% 17
\BOOKMARK [1][]{section.1.4}{1.4 Methodology}{chapter.1}% 18
\BOOKMARK [1][]{section.1.5}{1.5 Organization}{chapter.1}% 19
\BOOKMARK [0][]{chapter.2}{2 Theory Background}{}% 20
\BOOKMARK [1][]{section.2.1}{2.1 Actuator Dynamic Stiffness}{chapter.2}% 21
\BOOKMARK [1][]{section.2.2}{2.2 Control Systems Performance}{chapter.2}% 22
\BOOKMARK [2][]{subsection.2.2.1}{2.2.1 System Step Input Response}{section.2.2}% 23
\BOOKMARK [2][]{subsection.2.2.2}{2.2.2 System Frequency Response}{section.2.2}% 24
\BOOKMARK [2][]{subsection.2.2.3}{2.2.3 Actuation System Frequency Domain Requirements}{section.2.2}% 25
\BOOKMARK [1][]{section.2.3}{2.3 Optimization Problems}{chapter.2}% 26
\BOOKMARK [2][]{subsection.2.3.1}{2.3.1 Constrained vs. Unconstrained}{section.2.3}% 27
\BOOKMARK [2][]{subsection.2.3.2}{2.3.2 Linear vs. Nonlinear}{section.2.3}% 28
\BOOKMARK [2][]{subsection.2.3.3}{2.3.3 Discrete vs. Continuous}{section.2.3}% 29
\BOOKMARK [2][]{subsection.2.3.4}{2.3.4 Deterministic vs. Nondeterministic}{section.2.3}% 30
\BOOKMARK [2][]{subsection.2.3.5}{2.3.5 Single vs. Multi-objective}{section.2.3}% 31
\BOOKMARK [2][]{subsection.2.3.6}{2.3.6 Single vs. Multiple Minima}{section.2.3}% 32
\BOOKMARK [2][]{subsection.2.3.7}{2.3.7 Simple vs. Complex}{section.2.3}% 33
\BOOKMARK [1][]{section.2.4}{2.4 Optimization Techniques}{chapter.2}% 34
\BOOKMARK [2][]{subsection.2.4.1}{2.4.1 Local Optimization Algorithms}{section.2.4}% 35
\BOOKMARK [2][]{subsection.2.4.2}{2.4.2 Global Optimization Algorithms}{section.2.4}% 36
\BOOKMARK [2][]{subsection.2.4.3}{2.4.3 Selected Algorithm}{section.2.4}% 37
\BOOKMARK [0][]{chapter.3}{3 Actuation System Model}{}% 38
\BOOKMARK [1][]{section.3.1}{3.1 Simulink Model}{chapter.3}% 39
\BOOKMARK [2][]{subsection.3.1.1}{3.1.1 Electronic System}{section.3.1}% 40
\BOOKMARK [2][]{subsection.3.1.2}{3.1.2 Actuator}{section.3.1}% 41
\BOOKMARK [2][]{subsection.3.1.3}{3.1.3 Surface Kinematics}{section.3.1}% 42
\BOOKMARK [0][]{chapter.4}{4 Dynamic Stiffness Optimization}{}% 43
\BOOKMARK [1][]{section.4.1}{4.1 Problem Definition}{chapter.4}% 44
\BOOKMARK [1][]{section.4.2}{4.2 Optimization Settings}{chapter.4}% 45
\BOOKMARK [1][]{section.4.3}{4.3 Optimization Constraints}{chapter.4}% 46
\BOOKMARK [2][]{subsection.4.3.1}{4.3.1 Step Response Test}{section.4.3}% 47
\BOOKMARK [2][]{subsection.4.3.2}{4.3.2 Frequency Response Test}{section.4.3}% 48
\BOOKMARK [1][]{section.4.4}{4.4 Objective Function}{chapter.4}% 49
\BOOKMARK [2][]{subsection.4.4.1}{4.4.1 Dynamic Stiffness Test}{section.4.4}% 50
\BOOKMARK [2][]{subsection.4.4.2}{4.4.2 Cost Function}{section.4.4}% 51
\BOOKMARK [0][]{chapter.5}{5 Optimization Results}{}% 52
\BOOKMARK [1][]{section.5.1}{5.1 Classic Controllers and Simple Cost Function}{chapter.5}% 53
\BOOKMARK [2][]{subsection.5.1.1}{5.1.1 Proportional Controller \(P\)}{section.5.1}% 54
\BOOKMARK [2][]{subsection.5.1.2}{5.1.2 Proportional Integral Controller \(PI\)}{section.5.1}% 55
\BOOKMARK [2][]{subsection.5.1.3}{5.1.3 Proportional Derivative Controller \(PD\)}{section.5.1}% 56
\BOOKMARK [2][]{subsection.5.1.4}{5.1.4 Proportional Integral Derivative Controller \(PID\)}{section.5.1}% 57
\BOOKMARK [1][]{section.5.2}{5.2 Classic Controllers and Frequency Weighted Cost Function}{chapter.5}% 58
\BOOKMARK [2][]{subsection.5.2.1}{5.2.1 Proportional Controller \(P\)}{section.5.2}% 59
\BOOKMARK [2][]{subsection.5.2.2}{5.2.2 Proportional Integral Controller \(PI\)}{section.5.2}% 60
\BOOKMARK [2][]{subsection.5.2.3}{5.2.3 Proportional Derivative Controller \(PD\)}{section.5.2}% 61
\BOOKMARK [2][]{subsection.5.2.4}{5.2.4 Proportional Integral Derivative Controller \(PID\)}{section.5.2}% 62
\BOOKMARK [1][]{section.5.3}{5.3 Optimization Constraints Sensitivity}{chapter.5}% 63
\BOOKMARK [2][]{subsection.5.3.1}{5.3.1 P and PI Controllers}{section.5.3}% 64
\BOOKMARK [2][]{subsection.5.3.2}{5.3.2 PD and PID Controllers}{section.5.3}% 65
\BOOKMARK [0][]{chapter.6}{6 Conclusion}{}% 66
\BOOKMARK [1][]{section.6.1}{6.1 Future Works}{chapter.6}% 67
\BOOKMARK [0][]{chapter.7}{Bibliography}{}% 68
\BOOKMARK [0][]{appendix.A}{A Frequency Response Test}{}% 69
\BOOKMARK [1][]{section.A.1}{A.1 Chirp Input Frequency Response Test}{appendix.A}% 70
\BOOKMARK [1][]{section.A.2}{A.2 ARX Identification Frequency Response Test}{appendix.A}% 71
\BOOKMARK [1][]{section.A.3}{A.3 Linear Model Frequency Response Test}{appendix.A}% 72
\BOOKMARK [1][]{section.A.4}{A.4 Modified Baseline Frequency Response Test}{appendix.A}% 73
\BOOKMARK [0][]{appendix.B}{B Frequency Response of Non-Linear Systems}{}% 74
\BOOKMARK [0][]{bla.0}{Folha de Registro do Documento}{}% 75
